<?xml version="1.0" encoding="UTF-8"?>
<!-- Generated by org.testng.reporters.JUnitReportReporter -->
<testsuite hostname="Rahuls-MBP-2.fritz.box" failures="0" tests="1" name="AppiumProject.LearnMobile.MiscellaneousActionsTest" time="10.745" errors="0" timestamp="2024-03-21T15:54:47 CET" skipped="0">
  <testcase classname="AppiumProject.LearnMobile.MiscellaneousActionsTest" name="miscGestures" time="10.745"/>
</testsuite> <!-- AppiumProject.LearnMobile.MiscellaneousActionsTest -->
