<?xml version="1.0" encoding="UTF-8"?>
<!-- Generated by org.testng.reporters.JUnitReportReporter -->
<testsuite hostname="Rahuls-MBP-2.fritz.box" failures="0" tests="1" name="AppiumProject.LearnMobile.IosScrollTest" time="5.508" errors="0" timestamp="2024-03-27T15:43:38 CET" skipped="0">
  <testcase classname="AppiumProject.LearnMobile.IosScrollTest" name="iosScrollGesture" time="5.508"/>
</testsuite> <!-- AppiumProject.LearnMobile.IosScrollTest -->
