<?xml version="1.0" encoding="UTF-8"?>
<!-- Generated by org.testng.reporters.JUnitReportReporter -->
<testsuite hostname="Rahuls-MBP-2.fritz.box" failures="0" tests="1" name="AppiumProject.LearnMobile.IosSliderTest" time="1.868" errors="0" timestamp="2024-03-24T13:38:04 CET" skipped="0">
  <testcase classname="AppiumProject.LearnMobile.IosSliderTest" name="iosSlider" time="1.868"/>
</testsuite> <!-- AppiumProject.LearnMobile.IosSliderTest -->
