<?xml version="1.0" encoding="UTF-8"?>
<!-- Generated by org.testng.reporters.JUnitReportReporter -->
<testsuite hostname="Rahuls-MBP-2.fritz.box" failures="0" tests="1" name="AppiumProject.LearnMobile.MobBrowserRSAApp" time="0.224" errors="1" timestamp="2024-03-23T12:51:04 CET" skipped="0">
  <testcase classname="AppiumProject.LearnMobile.MobBrowserRSAApp" name="rSAAppDemoTest" time="0.224">
    <error message="Unknown mobile command &quot;window.scrollBy(0,1000)&quot;. Only shell, execEmuConsoleCommand, dragGesture, flingGesture, doubleClickGesture, clickGesture, longClickGesture, pinchCloseGesture, pinchOpenGesture, swipeGesture, scrollGesture, scrollBackTo, scroll, viewportScreenshot, viewportRect, deepLink, startLogsBroadcast, stopLogsBroadcast, deviceidle, acceptAlert, dismissAlert, batteryInfo, deviceInfo, getDeviceTime, changePermissions, getPermissions, performEditorAction, startScreenStreaming, stopScreenStreaming, getNotifications, openNotifications, listSms, type, replaceElementValue, pushFile, pullFile, pullFolder, deleteFile, isAppInstalled, queryAppState, activateApp, removeApp, terminateApp, installApp, clearApp, backgroundApp, getCurrentActivity, getCurrentPackage, startActivity, startService, stopService, broadcast, getContexts, getAppStrings, installMultipleApks, lock, unlock, isLocked, refreshGpsCache, startMediaProjectionRecording, isMediaProjectionRecordingRunning, stopMediaProjectionRecording, getConnectivity, setConnectivity, toggleGps, isGpsEnabled, hideKeyboard, isKeyboardShown, pressKey, getDisplayDensity, getSystemBars, fingerprint, sendSms, gsmCall, gsmSignal, gsmVoice, powerAc, powerCapacity, networkSpeed, sensorSet, getPerformanceData, getPerformanceDataTypes, statusBar, screenshots, scheduleAction, getActionHistory, unscheduleAction, getUiMode, setUiMode, sendTrimMemory commands are supported.
Build info: version: &#039;4.18.1&#039;, revision: &#039;b1d3319b48&#039;
System info: os.name: &#039;Mac OS X&#039;, os.arch: &#039;aarch64&#039;, os.version: &#039;13.3.1&#039;, java.version: &#039;17.0.8.1&#039;
Driver info: io.appium.java_client.android.AndroidDriver
Command: [a1ba8942-c5f5-4dca-8835-21a52dcfc331, executeScript {script=window.scrollBy(0,1000), args=[]}]
Capabilities {appium:appActivity: com.google.android.apps.chr..., appium:appPackage: com.android.chrome, appium:autoGrantPermissions: true, appium:automationName: UIAutomator2, appium:chromedriverExecutable: /Users/rahul/AppiumLearning..., appium:databaseEnabled: false, appium:desired: {appActivity: com.google.android.apps.chr..., appPackage: com.android.chrome, autoGrantPermissions: true, automationName: UIAutomator2, chromedriverExecutable: /Users/rahul/AppiumLearning..., deviceName: RahulPixel, platformName: ANDROID}, appium:deviceApiLevel: 33, appium:deviceManufacturer: Google, appium:deviceModel: sdk_gphone64_arm64, appium:deviceName: emulator-5554, appium:deviceScreenDensity: 420, appium:deviceScreenSize: 1080x2400, appium:deviceUDID: emulator-5554, appium:javascriptEnabled: true, appium:locationContextEnabled: false, appium:networkConnectionEnabled: true, appium:pixelRatio: 2.625, appium:platformVersion: 13, appium:statBarHeight: 136, appium:takesScreenshot: true, appium:viewportRect: {height: 2264, left: 0, top: 136, width: 1080}, appium:warnings: {}, appium:webStorageEnabled: false, platformName: ANDROID}
Session ID: a1ba8942-c5f5-4dca-8835-21a52dcfc331" type="org.openqa.selenium.UnsupportedCommandException">
      <![CDATA[org.openqa.selenium.UnsupportedCommandException: Unknown mobile command "window.scrollBy(0,1000)". Only shell, execEmuConsoleCommand, dragGesture, flingGesture, doubleClickGesture, clickGesture, longClickGesture, pinchCloseGesture, pinchOpenGesture, swipeGesture, scrollGesture, scrollBackTo, scroll, viewportScreenshot, viewportRect, deepLink, startLogsBroadcast, stopLogsBroadcast, deviceidle, acceptAlert, dismissAlert, batteryInfo, deviceInfo, getDeviceTime, changePermissions, getPermissions, performEditorAction, startScreenStreaming, stopScreenStreaming, getNotifications, openNotifications, listSms, type, replaceElementValue, pushFile, pullFile, pullFolder, deleteFile, isAppInstalled, queryAppState, activateApp, removeApp, terminateApp, installApp, clearApp, backgroundApp, getCurrentActivity, getCurrentPackage, startActivity, startService, stopService, broadcast, getContexts, getAppStrings, installMultipleApks, lock, unlock, isLocked, refreshGpsCache, startMediaProjectionRecording, isMediaProjectionRecordingRunning, stopMediaProjectionRecording, getConnectivity, setConnectivity, toggleGps, isGpsEnabled, hideKeyboard, isKeyboardShown, pressKey, getDisplayDensity, getSystemBars, fingerprint, sendSms, gsmCall, gsmSignal, gsmVoice, powerAc, powerCapacity, networkSpeed, sensorSet, getPerformanceData, getPerformanceDataTypes, statusBar, screenshots, scheduleAction, getActionHistory, unscheduleAction, getUiMode, setUiMode, sendTrimMemory commands are supported.
Build info: version: '4.18.1', revision: 'b1d3319b48'
System info: os.name: 'Mac OS X', os.arch: 'aarch64', os.version: '13.3.1', java.version: '17.0.8.1'
Driver info: io.appium.java_client.android.AndroidDriver
Command: [a1ba8942-c5f5-4dca-8835-21a52dcfc331, executeScript {script=window.scrollBy(0,1000), args=[]}]
Capabilities {appium:appActivity: com.google.android.apps.chr..., appium:appPackage: com.android.chrome, appium:autoGrantPermissions: true, appium:automationName: UIAutomator2, appium:chromedriverExecutable: /Users/rahul/AppiumLearning..., appium:databaseEnabled: false, appium:desired: {appActivity: com.google.android.apps.chr..., appPackage: com.android.chrome, autoGrantPermissions: true, automationName: UIAutomator2, chromedriverExecutable: /Users/rahul/AppiumLearning..., deviceName: RahulPixel, platformName: ANDROID}, appium:deviceApiLevel: 33, appium:deviceManufacturer: Google, appium:deviceModel: sdk_gphone64_arm64, appium:deviceName: emulator-5554, appium:deviceScreenDensity: 420, appium:deviceScreenSize: 1080x2400, appium:deviceUDID: emulator-5554, appium:javascriptEnabled: true, appium:locationContextEnabled: false, appium:networkConnectionEnabled: true, appium:pixelRatio: 2.625, appium:platformVersion: 13, appium:statBarHeight: 136, appium:takesScreenshot: true, appium:viewportRect: {height: 2264, left: 0, top: 136, width: 1080}, appium:warnings: {}, appium:webStorageEnabled: false, platformName: ANDROID}
Session ID: a1ba8942-c5f5-4dca-8835-21a52dcfc331
at java.base/jdk.internal.reflect.NativeConstructorAccessorImpl.newInstance0(Native Method)
at java.base/jdk.internal.reflect.NativeConstructorAccessorImpl.newInstance(NativeConstructorAccessorImpl.java:77)
at java.base/jdk.internal.reflect.DelegatingConstructorAccessorImpl.newInstance(DelegatingConstructorAccessorImpl.java:45)
at java.base/java.lang.reflect.Constructor.newInstanceWithCaller(Constructor.java:499)
at java.base/java.lang.reflect.Constructor.newInstance(Constructor.java:480)
at org.openqa.selenium.remote.ErrorCodec.decode(ErrorCodec.java:167)
at org.openqa.selenium.remote.codec.w3c.W3CHttpResponseCodec.decode(W3CHttpResponseCodec.java:138)
at org.openqa.selenium.remote.codec.w3c.W3CHttpResponseCodec.decode(W3CHttpResponseCodec.java:50)
at org.openqa.selenium.remote.HttpCommandExecutor.execute(HttpCommandExecutor.java:190)
at io.appium.java_client.remote.AppiumCommandExecutor.execute(AppiumCommandExecutor.java:237)
at org.openqa.selenium.remote.RemoteWebDriver.execute(RemoteWebDriver.java:519)
at org.openqa.selenium.remote.RemoteWebDriver.executeScript(RemoteWebDriver.java:464)
at AppiumProject.LearnMobile.MobBrowserRSAApp.rSAAppDemoTest(MobBrowserRSAApp.java:30)
at java.base/jdk.internal.reflect.NativeMethodAccessorImpl.invoke0(Native Method)
at java.base/jdk.internal.reflect.NativeMethodAccessorImpl.invoke(NativeMethodAccessorImpl.java:77)
at java.base/jdk.internal.reflect.DelegatingMethodAccessorImpl.invoke(DelegatingMethodAccessorImpl.java:43)
at java.base/java.lang.reflect.Method.invoke(Method.java:568)
at org.testng.internal.invokers.MethodInvocationHelper.invokeMethod(MethodInvocationHelper.java:139)
at org.testng.internal.invokers.TestInvoker.invokeMethod(TestInvoker.java:664)
at org.testng.internal.invokers.TestInvoker.invokeTestMethod(TestInvoker.java:228)
at org.testng.internal.invokers.MethodRunner.runInSequence(MethodRunner.java:63)
at org.testng.internal.invokers.TestInvoker$MethodInvocationAgent.invoke(TestInvoker.java:961)
at org.testng.internal.invokers.TestInvoker.invokeTestMethods(TestInvoker.java:201)
at org.testng.internal.invokers.TestMethodWorker.invokeTestMethods(TestMethodWorker.java:148)
at org.testng.internal.invokers.TestMethodWorker.run(TestMethodWorker.java:128)
at java.base/java.util.ArrayList.forEach(ArrayList.java:1511)
at org.testng.TestRunner.privateRun(TestRunner.java:819)
at org.testng.TestRunner.run(TestRunner.java:619)
at org.testng.SuiteRunner.runTest(SuiteRunner.java:443)
at org.testng.SuiteRunner.runSequentially(SuiteRunner.java:437)
at org.testng.SuiteRunner.privateRun(SuiteRunner.java:397)
at org.testng.SuiteRunner.run(SuiteRunner.java:336)
at org.testng.SuiteRunnerWorker.runSuite(SuiteRunnerWorker.java:52)
at org.testng.SuiteRunnerWorker.run(SuiteRunnerWorker.java:95)
at org.testng.TestNG.runSuitesSequentially(TestNG.java:1301)
at org.testng.TestNG.runSuitesLocally(TestNG.java:1228)
at org.testng.TestNG.runSuites(TestNG.java:1134)
at org.testng.TestNG.run(TestNG.java:1101)
at org.testng.remote.AbstractRemoteTestNG.run(AbstractRemoteTestNG.java:115)
at org.testng.remote.RemoteTestNG.initAndRun(RemoteTestNG.java:251)
at org.testng.remote.RemoteTestNG.main(RemoteTestNG.java:77)
]]>
    </error>
  </testcase> <!-- rSAAppDemoTest -->
</testsuite> <!-- AppiumProject.LearnMobile.MobBrowserRSAApp -->
