<?xml version="1.0" encoding="UTF-8"?>
<!-- Generated by org.testng.reporters.JUnitReportReporter -->
<testsuite hostname="Rahuls-MBP-2.fritz.box" failures="0" tests="1" name="AppiumProject.LearnMobile.ScrollTest" time="27.776" errors="0" timestamp="2024-03-19T18:14:44 CET" skipped="0">
  <testcase classname="AppiumProject.LearnMobile.ScrollTest" name="scrollGesture" time="27.776"/>
</testsuite> <!-- AppiumProject.LearnMobile.ScrollTest -->
