<?xml version="1.0" encoding="UTF-8"?>
<!-- Generated by org.testng.reporters.JUnitReportReporter -->
<testsuite hostname="Rahuls-MBP-2.fritz.box" failures="0" tests="1" name="AppiumProject.LearnMobile.LongPress" time="9.516" errors="0" timestamp="2024-03-19T11:34:12 CET" skipped="0">
  <testcase classname="AppiumProject.LearnMobile.LongPress" name="longPressGesture" time="9.516"/>
</testsuite> <!-- AppiumProject.LearnMobile.LongPress -->
