<?xml version="1.0" encoding="UTF-8"?>
<!-- Generated by org.testng.reporters.JUnitReportReporter -->
<testsuite hostname="Rahuls-MBP-2" failures="0" tests="1" name="AppiumProject.LearnMobile.IosBasicsTest" time="5.267" errors="0" timestamp="2024-03-29T11:52:29 CET" skipped="0">
  <testcase classname="AppiumProject.LearnMobile.IosBasicsTest" name="iOSBasics" time="5.267"/>
</testsuite> <!-- AppiumProject.LearnMobile.IosBasicsTest -->
