<?xml version="1.0" encoding="UTF-8"?>
<!-- Generated by org.testng.reporters.JUnitReportReporter -->
<testsuite hostname="Rahuls-MBP-2.fritz.box" failures="0" tests="1" name="AppiumProject.LearnMobile.IosLongPressTest" time="6.544" errors="0" timestamp="2024-03-27T15:54:41 CET" skipped="0">
  <testcase classname="AppiumProject.LearnMobile.IosLongPressTest" name="iOSLongPressGesture" time="6.544"/>
</testsuite> <!-- AppiumProject.LearnMobile.IosLongPressTest -->
