<?xml version="1.0" encoding="UTF-8"?>
<!-- Generated by org.testng.reporters.JUnitReportReporter -->
<testsuite hostname="Rahuls-MBP-2.fritz.box" failures="0" tests="1" name="AppiumProject.LearnMobile.AlertDialogTest" time="13.616" errors="0" timestamp="2024-03-20T16:33:54 CET" skipped="0">
  <testcase classname="AppiumProject.LearnMobile.AlertDialogTest" name="alertDialogHandling" time="13.616"/>
</testsuite> <!-- AppiumProject.LearnMobile.AlertDialogTest -->
