<?xml version="1.0" encoding="UTF-8"?>
<!-- Generated by org.testng.reporters.JUnitReportReporter -->
<testsuite hostname="Rahuls-MBP-2" failures="0" tests="1" name="AppiumProject.LearnMobile.AppiumBasics" time="7.839" errors="0" timestamp="2024-03-29T11:35:56 CET" skipped="0">
  <testcase classname="AppiumProject.LearnMobile.AppiumBasics" name="wifiSettingName" time="7.839"/>
</testsuite> <!-- AppiumProject.LearnMobile.AppiumBasics -->
