<?xml version="1.0" encoding="UTF-8"?>
<!-- Generated by org.testng.reporters.JUnitReportReporter -->
<testsuite hostname="Rahuls-MBP-2.fritz.box" failures="0" tests="1" name="AppiumProject.LearnMobile.DragDropTest" time="4.493" errors="0" timestamp="2024-03-20T10:27:03 CET" skipped="0">
  <testcase classname="AppiumProject.LearnMobile.DragDropTest" name="dragDropGesture" time="4.493"/>
</testsuite> <!-- AppiumProject.LearnMobile.DragDropTest -->
