<?xml version="1.0" encoding="UTF-8"?>
<!-- Generated by org.testng.reporters.JUnitReportReporter -->
<testsuite hostname="Rahuls-MBP-2.fritz.box" failures="0" tests="1" name="AppiumProject.LearnMobile.IosSwipeTest" time="4.240" errors="0" timestamp="2024-03-27T16:07:16 CET" skipped="0">
  <testcase classname="AppiumProject.LearnMobile.IosSwipeTest" name="iosSwipeGesture" time="4.240"/>
</testsuite> <!-- AppiumProject.LearnMobile.IosSwipeTest -->
